<?xml version="1.0" encoding="UTF-8"?>
<!-- Generated by org.testng.reporters.JUnitReportReporter -->
<testsuite hostname="DESKTOP-766P9AG" failures="0" tests="3" name="apiTests.PetStoreAPI_Tests" time="4.204" errors="0" timestamp="2022-02-21T12:50:00 EST" skipped="0">
  <testcase classname="apiTests.PetStoreAPI_Tests" name="getPetByID" time="0.193"/>
  <system-out/>
  <testcase classname="apiTests.PetStoreAPI_Tests" name="createAPet" time="3.819"/>
  <system-out/>
  <testcase classname="apiTests.PetStoreAPI_Tests" name="justPrintingSomehing" time="0.192"/>
  <system-out/>
</testsuite> <!-- apiTests.PetStoreAPI_Tests -->
