<?xml version="1.0" encoding="UTF-8"?>
<!-- Generated by org.testng.reporters.JUnitReportReporter -->
<testsuite hostname="DESKTOP-766P9AG" failures="0" tests="1" name="apiTests.PetStoreAPI_Tests" time="7.050" errors="0" timestamp="2022-04-15T10:50:29 EDT" skipped="0">
  <testcase classname="apiTests.PetStoreAPI_Tests" name="justPrintingSomehing" time="7.050"/>
  <system-out/>
</testsuite> <!-- apiTests.PetStoreAPI_Tests -->
